08 April 2026 13:25:51.498>Event: [state:23] from /Hardware/provider/VisualCTI/stub_3 (IDLE)
08 April 2026 13:25:51.507>Event: [state:36] from /Hardware/provider/VisualCTI/stub_3 (CLOSED)
08 April 2026 13:26:06.213>Command: [get:7] for /Hardware/provider/VisualCTI/stub_3. via link [Console_1] To wait for response? true
parameter(s)
{
	{=> target(string) = meta}
}
>done:false
>success:false

08 April 2026 13:26:06.314> Response to command: [get:7] executed in /Hardware/provider/VisualCTI/stub_3. via link [Console_1] Is executed well? true
result(s)
{
	{<= meta.class(string) = org.visualcti.server.hardware.provider.stubDevice}
	{<= meta.path(string) = /Hardware/provider/VisualCTI/stub_3}
	{<= meta.type(string) = CT-device}
	{<= meta.name(string) = stub_3}
	{<= meta.state(string) = CLOSED}
}

08 April 2026 13:27:40.941>Event: [state:23] from /Hardware/provider/VisualCTI/stub_3 (IDLE)
08 April 2026 13:27:40.946>Event: [state:36] from /Hardware/provider/VisualCTI/stub_3 (CLOSED)
08 April 2026 13:27:53.072>Command: [get:7] for /Hardware/provider/VisualCTI/stub_3. via link [Console_1] To wait for response? true
parameter(s)
{
	{=> target(string) = meta}
}
>done:false
>success:false

08 April 2026 13:27:53.171> Response to command: [get:7] executed in /Hardware/provider/VisualCTI/stub_3. via link [Console_1] Is executed well? true
result(s)
{
	{<= meta.class(string) = org.visualcti.server.hardware.provider.stubDevice}
	{<= meta.path(string) = /Hardware/provider/VisualCTI/stub_3}
	{<= meta.type(string) = CT-device}
	{<= meta.name(string) = stub_3}
	{<= meta.state(string) = CLOSED}
}

