08 April 2026 13:26:08.128>Command: [get:26] for /Tasks/VisualCTI/stub_2. via link [Console_1] To wait for response? true
parameter(s)
{
	{=> target(string) = meta}
}
>done:false
>success:false

08 April 2026 13:26:08.227> Response to command: [get:26] executed in /Tasks/VisualCTI/stub_2. via link [Console_1] Is executed well? true
result(s)
{
	{<= meta.class(string) = org.visualcti.server.task.TaskPool}
	{<= meta.path(string) = /Tasks/VisualCTI/stub_2}
	{<= meta.type(string) = [tasks pool]}
	{<= meta.name(string) = VisualCTI/stub_2}
	{<= meta.state(string) = passive}
}

08 April 2026 13:27:54.985>Command: [get:26] for /Tasks/VisualCTI/stub_2. via link [Console_1] To wait for response? true
parameter(s)
{
	{=> target(string) = meta}
}
>done:false
>success:false

08 April 2026 13:27:55.085> Response to command: [get:26] executed in /Tasks/VisualCTI/stub_2. via link [Console_1] Is executed well? true
result(s)
{
	{<= meta.class(string) = org.visualcti.server.task.TaskPool}
	{<= meta.path(string) = /Tasks/VisualCTI/stub_2}
	{<= meta.type(string) = [tasks pool]}
	{<= meta.name(string) = VisualCTI/stub_2}
	{<= meta.state(string) = passive}
}

